LAB3-2                                                                                                        PAGE 1

                       1    $MOD52
                       2    
                       3    ;–ü—Ä–æ–≥—Ä–∞–º–º–∞ –ø–æ–¥—Å—á—ë—Ç–∞ –≤–Ω–µ—à–Ω–∏—Ö —Å–∏–≥–Ω–∞–ª–æ–≤/—Å–æ–±—ã—Ç–∏–π
                       4    ;–ö–æ–¥ —á–∏—Å–ª–∞ —Å–∏–≥–Ω–∞–ª–æ–≤ –≤—ã–≤–æ–¥–∏—Ç—Å—è –Ω–∞ –ø–æ—Ä—Ç P1 
                       5    
                       6    ;–ê–¥—Ä–µ—Å —Å—á—ë—Ç—á–∏–∫–∞ –≤–Ω–µ—à–Ω–∏—Ö —Å–∏–≥–Ω–∞–ª–æ–≤ –≤ –†–ü–î
  0030                 7    COUNTER EQU 30h
                       8    
----                   9    CSEG
0000                  10    ORG 00h
0000 02000F           11            jmp initial_set_up; "–ü—Ä—ã–≥–∞–µ–º" —á–µ—Ä–µ–∑ —Ç–∞–±–ª–∏—Ü—É –≤–µ–∫—Ç–æ—Ä–æ–≤ –ø—Ä
                                                                               –µ—Ä—ã–≤–∞–Ω–∏–π
                      12            
000B                  13    ORG 0Bh
000B 06               14            inc @R0
000C 8690             15            mov P1, @R0     
000E 32               16            reti
                      17    
000F                  18    initial_set_up:
                      19            ;–°—Ç–µ–∫ —Ä–∞—Å—Ç—ë—Ç –≤–≤–µ—Ä—Ö - —É–∫–∞–∑–∞—Ç–µ–ª—å —É–∫–∞–∑—ã–≤–∞–µ—Ç –Ω–∞ –ø–µ—
                                                                               Ä–≤—ã–π –±–∞–π—Ç –ø–æ—Å–ª–µ –ø—Ä–æ–≥—Ä–∞–
                                                                               º–º—ã
000F 758128           20            mov SP, #stack
                      21    
                      22            ;–£—Å—Ç–∞–Ω–æ–≤–∫–∞ 2 —Ä–µ–∂–∏–º–∞ —Ä–∞–±–æ—Ç—ã —Ç–∞–π–º–µ—Ä–∞ T/C0 - —Å—á—ë—Ç—á–∏–∫
                                                                               
0012 758906           23            mov TMOD, #06h  
                      24            
                      25            ;–£—Å—Ç–∞–Ω–∞–≤–ª–∏–≤–∞–µ–º –≤—ã—Å–æ–∫–∏–π –ø—Ä–∏–æ—Ä–∏—Ç–µ—Ç –ø—Ä–µ—Ä—ã–≤–∞–Ω–∏—è
0015 75B801           26            mov IP, #01h
                      27            
                      28            ;–ù–∞—á–∞–ª—å–Ω–æ–µ –∑–Ω–∞—á–µ–Ω–∏–µ —Ç–∞–π–º–µ—Ä–∞
0018 758AF8           29            mov TL0, #0F8h
001B 758CF8           30            mov TH0, #0F8h
                      31            
001E 7830             32            mov R0, #COUNTER
                      33            
                      34            ;–†–∞–∑—Ä–µ—à–µ–Ω–∏–µ –ø—Ä–µ—Ä—ã–≤–∞–Ω–∏—è —Ç–∞–π–º–µ—Ä–∞ T/C0
0020 75A882           35            mov IE, #82h
                      36            
                      37            ;–ó–∞–ø—É—Å–∫ —Ç–∞–π–º–µ—Ä–∞ T/C0
                      38            ;–ì–µ–Ω–µ—Ä–∞—Ü–∏—è –ø—Ä–µ—Ä—ã–≤–∞–Ω–∏—è –ø–æ —Å—Ä–µ–∑—É —Å–∏–≥–Ω–∞–ª–∞ –Ω–∞ INT0
0023 758811           39            mov TCON, #11h
                      40    
                      41    ;–ö–æ–Ω–µ—Ü –æ—Å–Ω–æ–≤–Ω–æ–π –ø—Ä–æ–≥—Ä–∞–º–º—ã
0026                  42    lp:
0026 80FE             43            jmp lp
                      44            
0028                  45    stack:
                      46    
                      47    
                      48    END

VERSION 1.2h ASSEMBLY COMPLETE, 0 ERRORS FOUND
LAB3-2                                                                                                        PAGE 2

COUNTER. . . . . . . . . . . . .    NUMB  0030H  
IE . . . . . . . . . . . . . . .  D ADDR  00A8H  PREDEFINED  
INITIAL_SET_UP . . . . . . . . .  C ADDR  000FH  
IP . . . . . . . . . . . . . . .  D ADDR  00B8H  PREDEFINED  
LP . . . . . . . . . . . . . . .  C ADDR  0026H  
P1 . . . . . . . . . . . . . . .  D ADDR  0090H  PREDEFINED  
SP . . . . . . . . . . . . . . .  D ADDR  0081H  PREDEFINED  
STACK. . . . . . . . . . . . . .  C ADDR  0028H  
TCON . . . . . . . . . . . . . .  D ADDR  0088H  PREDEFINED  
TH0. . . . . . . . . . . . . . .  D ADDR  008CH  PREDEFINED  
TL0. . . . . . . . . . . . . . .  D ADDR  008AH  PREDEFINED  
TMOD . . . . . . . . . . . . . .  D ADDR  0089H  PREDEFINED  
