LAB3-1A                                                                                                       PAGE 1

                       1    $MOD52
                       2    
                       3    ;"–ë–µ–≥—É—â–∏–π –æ–≥–æ–Ω—å" —Ä–µ–∞–ª–∏–∑–æ–≤–∞–Ω –Ω–∞ –≤—ã–≤–æ–¥–∞—Ö –ø–æ—Ä—Ç–∞ P1
                       4    ; –°–ª–µ–≤–∞-–Ω–∞–ø—Ä–∞–≤–æ, –≥–æ—Ä—è—Ç 4 –°–ò–î
                       5    ; –í—Ä–µ–º—è —Å–≤–µ—á–µ–Ω–∏—è 0,5 —Å
                       6    ; –†–µ–∂–∏–º 16-–±–∏—Ç–Ω–æ–≥–æ —Ç–∞–π–º–µ—Ä–∞
                       7    ; –†–∞–∑—Ä–µ—à–µ–Ω–∏–µ —Å—á—ë—Ç–∞ –æ–±–µ—Å–ø–µ—á–∏–≤–∞–µ—Ç—Å—è –±–∏—Ç–æ–º GATE —Ä–µ–≥–∏—Å—Ç—
                                                                               Ä–∞ TMOD
                       8    ; INT0 - P3.2
                       9    
  0030                10    LSB_POSITION EQU 30h; –ê–¥—Ä–µ—Å —è—á–µ–π–∫–∏ –≤ –†–ü–î, —Ö—Ä–∞–Ω—è—â–µ–π –ø–æ–∑–∏—Ü–∏—é –º–
                                                                               ª–∞–¥—à–µ–≥–æ –±–∏—Ç–∞ –≥–æ—Ä—è—â–∏—Ö –°–
                                                                               ò–î
  0031                11    CALL_COUNT EQU 31h; –ê–¥—Ä–µ—Å —è—á–µ–π–∫–∏ –≤ –†–ü–î, —Ö—Ä–∞–Ω—è—â–µ–π —á–∏—Å–ª–æ –≤—ã–∑–æ–
                                                                               ≤–æ–≤ –æ–±—Ä–∞–±–æ—Ç—á–∏–∫–∞ –ø—Ä–µ—Ä—ã–≤
                                                                               –∞–Ω–∏—è T/C0
                      12    
----                  13    CSEG
0000                  14    ORG 00h
0000 02000E           15            jmp initial_set_up; "–ü—Ä—ã–≥–∞–µ–º" —á–µ—Ä–µ–∑ —Ç–∞–±–ª–∏—Ü—É –≤–µ–∫—Ç–æ—Ä–æ–≤ –ø—Ä
                                                                               –µ—Ä—ã–≤–∞–Ω–∏–π
                      16    
000B                  17    ORG 0Bh
000B 020031           18            jmp timer0_handle; "–ü—Ä—ã–≥–∞–µ–º" –Ω–∞ –æ–±—Ä–∞–±–æ—Ç—á–∏–∫ –ø—Ä–µ—Ä—ã–≤–∞–Ω–∏—è —
                                                                               Ç–∞–π–º–µ—Ä–∞/—Å—á—ë—Ç—á–∏–∫–∞ T/C0
                      19    
                      20    ; –ö–æ–¥ –Ω–∞—Å—Ç—Ä–æ–π–∫–∏ —Ç–∞–π–º–µ—Ä–∞ T/C0 –∏ —Å–æ–æ—Ç–≤–µ—Å—Ç–≤—É—é—â–µ–≥–æ –ø—Ä–µ—Ä—ã
                                                                               –≤–∞–Ω–∏—è
000E                  21    initial_set_up:
                      22            ;–°—Ç–µ–∫ —Ä–∞—Å—Ç—ë—Ç –≤–≤–µ—Ä—Ö - —É–∫–∞–∑–∞—Ç–µ–ª—å —É–∫–∞–∑—ã–≤–∞–µ—Ç –Ω–∞ –ø–µ—
                                                                               Ä–≤—ã–π –±–∞–π—Ç –ø–æ—Å–ª–µ –ø—Ä–æ–≥—Ä–∞–
                                                                               º–º—ã
000E 7581BF           23            mov SP, #stack
                      24    
                      25            ;–£—Å—Ç–∞–Ω–æ–≤–∫–∞ 16-–±–∏—Ç–Ω–æ–≥–æ —Ä–µ–∂–∏–º–∞ —Ä–∞–±–æ—Ç—ã —Ç–∞–π–º–µ—Ä–∞ T/C0
                                                                               
0011 758901           26            mov TMOD, #01h  
                      27            
                      28            ;–£—Å—Ç–∞–Ω–∞–≤–ª–∏–≤–∞–µ–º –≤—ã—Å–æ–∫–∏–π –ø—Ä–∏–æ—Ä–∏—Ç–µ—Ç –ø—Ä–µ—Ä—ã–≤–∞–Ω–∏—è —
                                                                               Ç–∞–π–º–µ—Ä–∞ T/C0
0014 75B802           29            mov IP, #02h
                      30            
                      31            ;–ù–∞—á–∞–ª—å–Ω–æ–µ –∑–Ω–∞—á–µ–Ω–∏–µ —Ç–∞–π–º–µ—Ä–∞
0017 758ABF           32            mov TL0, #0BFh
001A 758CBF           33            mov TH0, #0BFh
                      34            
                      35            ;–ü–µ—Ä–µ–∫–ª—é—á–∞–µ–º—Å—è –Ω–∞ –ø–µ—Ä–≤—ã–π —Ä–µ–≥–∏—Å—Ç—Ä–æ–≤—ã–π –±–∞–Ω–∫
001D D2D3             36            setb PSW.3
                      37            
001F 7830             38            mov R0, #LSB_POSITION; –ü–æ–∑–∏—Ü–∏—è –º–ª–∞–¥—à–µ–≥–æ –±–∏—Ç–∞ –≥–æ—Ä—è—â–µ–π —á–µ—
                                                                               Ç–≤—ë—Ä–∫–∏ –°–ò–î
0021 7931             39            mov R1, #CALL_COUNT; –ß–∏—Å–ª–æ –≤—ã–∑–æ–≤–æ–≤ –ø–æ–¥–ø—Ä–æ–≥—Ä–∞–º–º—ã –æ–±—Ä–∞–±–æ
                                                                               —Ç–∫–∏ –ø—Ä–µ—Ä—ã–≤–∞–Ω–∏—è
                      40            
                      41            ;–ù–∞—á–∞–ª—å–Ω—ã–µ –∑–Ω–∞—á–µ–Ω–∏—è –Ω—É–ª–µ–≤—ã–µ
0023 7600             42            mov @R0, #00h
0025 7700             43            mov @R1, #00h
                      44            
LAB3-1A                                                                                                       PAGE 2

                      45            ;–ü–µ—Ä–µ–∫–ª—é—á–∞–µ–º—Å—è –Ω–∞ –Ω—É–ª–µ–≤–æ–π —Ä–µ–≥–∏—Å—Ç—Ä–æ–≤—ã–π –±–∞–Ω–∫
0027 C2D3             46            clr PSW.3
                      47            
                      48            ;–†–∞–∑—Ä–µ—à–µ–Ω–∏–µ –ø—Ä–µ—Ä—ã–≤–∞–Ω–∏—è —Ç–∞–π–º–µ—Ä–∞ T/C0
0029 75A882           49            mov IE, #82h
                      50            
                      51            ;–ó–∞–ø—É—Å–∫ —Ç–∞–π–º–µ—Ä–∞ T/C0
002C 758810           52            mov TCON, #10h
                      53            
                      54            ;–ö–æ–Ω–µ—Ü –æ—Å–Ω–æ–≤–Ω–æ–π –ø—Ä–æ–≥—Ä–∞–º–º—ã
002F                  55    lp:
002F 80FE             56            jmp lp
                      57    
                      58    ;–û–±—Ä–∞–±–æ—Ç—á–∏–∫ –ø—Ä–µ—Ä—ã–≤–∞–Ω–∏—è —Ç–∞–π–º–µ—Ä–∞ T/C0  
0031                  59    timer0_handle:
0031 758800           60            mov TCON, #00h; –ó–∞–ø—Ä–µ—â–∞–µ–º —Å—á—ë—Ç
                      61            
0034 C0E0             62            push ACC
0036 C0D0             63            push PSW
                      64            
                      65            ;–ü–µ—Ä–µ–∫–ª—é—á–∞–µ–º—Å—è –Ω–∞ –ø–µ—Ä–≤—ã–π —Ä–µ–≥–∏—Å—Ç—Ä–æ–≤—ã–π –±–∞–Ω–∫
0038 D2D3             66            setb PSW.3
                      67    
                      68            ;–ü–µ—Ä–µ–∑–∞–≥—Ä—É–∂–∞–µ–º –∑–Ω–∞—á–µ–Ω–∏–µ —Ç–∞–π–º–µ—Ä–∞
003A 758ABF           69            mov TL0, #0BFh
003D 758CBF           70            mov TH0, #0BFh
                      71            
                      72            ;–ü—Ä–æ–≤–µ—Ä—è–µ–º, —Å–∫–æ–ª—å–∫–æ —Ä–∞–∑ –±—ã–ª–∞ –≤—ã–∑–≤–∞–Ω–∞ –ø–æ–¥–ø—Ä–æ–≥—Ä–
                                                                               ∞–º–º–∞
0040 E7               73            mov A, @R1
0041 C3               74            clr C
0042 9400             75            subb A, #00h
0044 6004             76            jz change
0046 07               77            inc @R1
0047 0200B5           78            jmp handler_end
                      79    
004A                  80    change: 
004A 7700             81            mov @R1, #00h; –°–±—Ä–∞—Å—ã–≤–∞–µ–º —Å—á—ë—Ç—á–∏–∫ –≤—ã–∑–æ–≤–æ–≤ –ø–æ–¥–ø—Ä–æ–≥—Ä–∞
                                                                               –º–º—ã
                      82    
                      83            ;–ò–Ω–∫—Ä–µ–º–µ–Ω—Ç–∏—Ä—É–µ–º –∑–Ω–∞—á–µ–Ω–∏–µ –ø–æ–∑–∏—Ü–∏–∏ –º–ª–∞–¥—à–µ–≥–æ –±–∏—
                                                                               Ç–∞ –±–µ–≥—É—â–µ–≥–æ –æ–≥–Ω—è
004C E6               84            mov A, @R0
004D C3               85            clr C
004E 9407             86            subb A, #07h
0050 6004             87            jz loop_lsb_pos; –ü–æ–∑–∏—Ü–∏—è –º–ª–∞–¥—à–µ–≥–æ –±–∏—Ç–∞ –º–æ–∂–µ—Ç –ª–µ–∂–∞—Ç—å —Ç
                                                                               –æ–ª—å–∫–æ –≤ –ø—Ä–µ–¥–µ–ª–∞—Ö –æ—Ç 0 –¥–
                                                                               æ 7 
0052 06               88            inc @R0
0053 020058           89            jmp switch
                      90            
0056                  91    loop_lsb_pos:
0056 7600             92            mov @R0, #00h
                      93            
0058                  94    switch:
                      95            ;–í–µ—Ç–≤–ª–µ–Ω–∏–µ –≤ –∑–∞–≤–∏—Å–∏–º–æ—Å—Ç–∏ –æ—Ç –ø–æ–∑–∏—Ü–∏–∏ –º–ª–∞–¥—à–µ–≥–æ –
                                                                               ±–∏—Ç–∞ –±–µ–≥—É—â–µ–≥–æ –æ–≥–Ω—è   
0058 C3               96            clr C
LAB3-1A                                                                                                       PAGE 3

0059 E6               97            mov A, @R0
005A 9400             98            subb A,  #00h
005C 602A             99            jz lsb_at_zero_pos
                     100            
005E C3              101            clr C
005F E6              102            mov A, @R0
0060 9401            103            subb A,  #01h
0062 602A            104            jz lsb_at_first_pos
                     105            
0064 C3              106            clr C
0065 E6              107            mov A, @R0
0066 9402            108            subb A,  #02h
0068 602A            109            jz lsb_at_second_pos
                     110            
006A C3              111            clr C
006B E6              112            mov A, @R0
006C 9403            113            subb A,  #03h
006E 602A            114            jz lsb_at_third_pos
                     115            
0070 C3              116            clr C
0071 E6              117            mov A, @R0
0072 9404            118            subb A,  #04h
0074 602A            119            jz lsb_at_fourth_pos
                     120            
0076 C3              121            clr C
0077 E6              122            mov A, @R0
0078 9405            123            subb A,  #05h
007A 602A            124            jz lsb_at_fifth_pos
                     125            
007C C3              126            clr C
007D E6              127            mov A, @R0
007E 9406            128            subb A,  #06h
0080 602A            129            jz lsb_at_sixth_pos
                     130            
0082 C3              131            clr C
0083 E6              132            mov A, @R0
0084 9407            133            subb A,  #07h
0086 602A            134            jz lsb_at_seventh_pos   
                     135    
                     136            ;–í –∑–∞–≤–∏—Å–∏–º–æ—Å—Ç–∏ –æ—Ç –ø–æ–ª—É—á–µ–Ω–Ω–æ–≥–æ –∑–Ω–∞—á–µ–Ω–∏—è –ø–µ—Ä–µ–∫–ª
                                                                               —é—á–∞–µ–º —Å–≤–µ—Ç–æ–¥–∏–æ–¥—ã
0088                 137    lsb_at_zero_pos:
0088 75900F          138            mov P1, #0Fh
008B 0200B5          139            jmp handler_end
008E                 140    lsb_at_first_pos:
008E 759087          141            mov P1, #87h
0091 0200B5          142            jmp handler_end
0094                 143    lsb_at_second_pos:
0094 7590C3          144            mov P1, #0C3h
0097 0200B5          145            jmp handler_end
009A                 146    lsb_at_third_pos:
009A 7590E1          147            mov P1, #0E1h
009D 0200B5          148            jmp handler_end
00A0                 149    lsb_at_fourth_pos:
00A0 7590F0          150            mov P1, #0F0h
00A3 0200B5          151            jmp handler_end
00A6                 152    lsb_at_fifth_pos:
00A6 759078          153            mov P1, #78h
LAB3-1A                                                                                                       PAGE 4

00A9 0200B5          154            jmp handler_end
00AC                 155    lsb_at_sixth_pos:
00AC 75903C          156            mov P1, #3Ch
00AF 0200B5          157            jmp handler_end
00B2                 158    lsb_at_seventh_pos:
00B2 75901E          159            mov P1, #1Eh
                     160            
00B5                 161    handler_end:
                     162            ;–ü–µ—Ä–µ–∫–ª—é—á–∞–µ–º—Å—è –Ω–∞ –Ω—É–ª–µ–≤–æ–π —Ä–µ–≥–∏—Å—Ç—Ä–æ–≤—ã–π –±–∞–Ω–∫
00B5 C2D3            163            clr PSW.3
                     164            
                     165            ;–ü—Ä–∏–≤–æ–¥–∏–º –∞–∫–∫—É–º—É–ª—è—Ç–æ—Ä –∏ PSW –≤ —Å–æ—Å—Ç–æ—è–Ω–∏–µ –¥–æ –≤—ã–∑–æ–
                                                                               ≤–∞
00B7 D0D0            166            pop PSW
00B9 D0E0            167            pop ACC
                     168            
00BB 758810          169            mov TCON, #10h; –†–∞–∑—Ä–µ—à–∞–µ–º —Å—á—ë—Ç
                     170    
00BE 32              171            reti;–í—ã—Ö–æ–¥ –∏–∑ –æ–±—Ä–∞–±–æ—Ç—á–∏–∫–∞ –ø—Ä–µ—Ä—ã–≤–∞–Ω–∏—è
                     172            
00BF                 173    stack:
                     174    
                     175    END

VERSION 1.2h ASSEMBLY COMPLETE, 0 ERRORS FOUND
LAB3-1A                                                                                                       PAGE 5

ACC. . . . . . . . . . . . . . .  D ADDR  00E0H  PREDEFINED  
CALL_COUNT . . . . . . . . . . .    NUMB  0031H  
CHANGE . . . . . . . . . . . . .  C ADDR  004AH  
HANDLER_END. . . . . . . . . . .  C ADDR  00B5H  
IE . . . . . . . . . . . . . . .  D ADDR  00A8H  PREDEFINED  
INITIAL_SET_UP . . . . . . . . .  C ADDR  000EH  
IP . . . . . . . . . . . . . . .  D ADDR  00B8H  PREDEFINED  
LOOP_LSB_POS . . . . . . . . . .  C ADDR  0056H  
LP . . . . . . . . . . . . . . .  C ADDR  002FH  
LSB_AT_FIFTH_POS . . . . . . . .  C ADDR  00A6H  
LSB_AT_FIRST_POS . . . . . . . .  C ADDR  008EH  
LSB_AT_FOURTH_POS. . . . . . . .  C ADDR  00A0H  
LSB_AT_SECOND_POS. . . . . . . .  C ADDR  0094H  
LSB_AT_SEVENTH_POS . . . . . . .  C ADDR  00B2H  
LSB_AT_SIXTH_POS . . . . . . . .  C ADDR  00ACH  
LSB_AT_THIRD_POS . . . . . . . .  C ADDR  009AH  
LSB_AT_ZERO_POS. . . . . . . . .  C ADDR  0088H  
LSB_POSITION . . . . . . . . . .    NUMB  0030H  
P1 . . . . . . . . . . . . . . .  D ADDR  0090H  PREDEFINED  
PSW. . . . . . . . . . . . . . .  D ADDR  00D0H  PREDEFINED  
SP . . . . . . . . . . . . . . .  D ADDR  0081H  PREDEFINED  
STACK. . . . . . . . . . . . . .  C ADDR  00BFH  
SWITCH . . . . . . . . . . . . .  C ADDR  0058H  
TCON . . . . . . . . . . . . . .  D ADDR  0088H  PREDEFINED  
TH0. . . . . . . . . . . . . . .  D ADDR  008CH  PREDEFINED  
TIMER0_HANDLE. . . . . . . . . .  C ADDR  0031H  
TL0. . . . . . . . . . . . . . .  D ADDR  008AH  PREDEFINED  
TMOD . . . . . . . . . . . . . .  D ADDR  0089H  PREDEFINED  
