LAB3-1B                                                                                                       PAGE 1

                       1    $MOD52
                       2    
                       3    ;"–ë–µ–≥—É—â–∏–π –æ–≥–æ–Ω—å" —Ä–µ–∞–ª–∏–∑–æ–≤–∞–Ω –Ω–∞ –≤—ã–≤–æ–¥–∞—Ö –ø–æ—Ä—Ç–∞ P1
                       4    ; –°–ª–µ–≤–∞-–Ω–∞–ø—Ä–∞–≤–æ, –≥–æ—Ä—è—Ç 4 –°–ò–î
                       5    ; –í—Ä–µ–º—è —Å–≤–µ—á–µ–Ω–∏—è 0,5 —Å
                       6    ; –†–µ–∂–∏–º 16-–±–∏—Ç–Ω–æ–≥–æ —Ç–∞–π–º–µ—Ä–∞
                       7    ; –†–∞–∑—Ä–µ—à–µ–Ω–∏–µ —Å—á—ë—Ç–∞ –æ–±–µ—Å–ø–µ—á–∏–≤–∞–µ—Ç—Å—è –±–∏—Ç–æ–º GATE —Ä–µ–≥–∏—Å—Ç—
                                                                               Ä–∞ TMOD
                       8    ; INT0 - P3.2
                       9    
  0030                10    LSB_POSITION EQU 30h; –ê–¥—Ä–µ—Å —è—á–µ–π–∫–∏ –≤ –†–ü–î, —Ö—Ä–∞–Ω—è—â–µ–π –ø–æ–∑–∏—Ü–∏—é –º–
                                                                               ª–∞–¥—à–µ–≥–æ –±–∏—Ç–∞ –≥–æ—Ä—è—â–∏—Ö –°–
                                                                               ò–î
  0031                11    CALL_COUNT EQU 31h; –ê–¥—Ä–µ—Å —è—á–µ–π–∫–∏ –≤ –†–ü–î, —Ö—Ä–∞–Ω—è—â–µ–π —á–∏—Å–ª–æ –≤—ã–∑–æ–
                                                                               ≤–æ–≤ –æ–±—Ä–∞–±–æ—Ç—á–∏–∫–∞ –ø—Ä–µ—Ä—ã–≤
                                                                               –∞–Ω–∏—è T/C0
                      12    
----                  13    CSEG
0000                  14    ORG 00h
0000 02000E           15            jmp initial_set_up; "–ü—Ä—ã–≥–∞–µ–º" —á–µ—Ä–µ–∑ —Ç–∞–±–ª–∏—Ü—É –≤–µ–∫—Ç–æ—Ä–æ–≤ –ø—Ä
                                                                               –µ—Ä—ã–≤–∞–Ω–∏–π
                      16    
000B                  17    ORG 0Bh
000B 020029           18            jmp timer0_handle; "–ü—Ä—ã–≥–∞–µ–º" –Ω–∞ –æ–±—Ä–∞–±–æ—Ç—á–∏–∫ –ø—Ä–µ—Ä—ã–≤–∞–Ω–∏—è —
                                                                               Ç–∞–π–º–µ—Ä–∞/—Å—á—ë—Ç—á–∏–∫–∞ T/C0
                      19    
                      20    ; –ö–æ–¥ –Ω–∞—Å—Ç—Ä–æ–π–∫–∏ —Ç–∞–π–º–µ—Ä–∞ T/C0 –∏ —Å–æ–æ—Ç–≤–µ—Å—Ç–≤—É—é—â–µ–≥–æ –ø—Ä–µ—Ä—ã
                                                                               –≤–∞–Ω–∏—è
000E                  21    initial_set_up:
                      22            ;–°—Ç–µ–∫ —Ä–∞—Å—Ç—ë—Ç –≤–≤–µ—Ä—Ö - —É–∫–∞–∑–∞—Ç–µ–ª—å —É–∫–∞–∑—ã–≤–∞–µ—Ç –Ω–∞ –ø–µ—
                                                                               Ä–≤—ã–π –±–∞–π—Ç –ø–æ—Å–ª–µ –ø—Ä–æ–≥—Ä–∞–
                                                                               º–º—ã
000E 7581BD           23            mov SP, #stack
                      24    
                      25            ;–£—Å—Ç–∞–Ω–æ–≤–∫–∞ 16-–±–∏—Ç–Ω–æ–≥–æ —Ä–µ–∂–∏–º–∞ —Ä–∞–±–æ—Ç—ã —Ç–∞–π–º–µ—Ä–∞ T/C0
                                                                               
                      26            ;–†–∞–∑—Ä–µ—à–µ–Ω–∏–µ —Ä–∞–±–æ—Ç—ã T/C0 –ø—Ä–∏ –Ω–∏–∑–∫–æ–º —É—Ä–æ–≤–Ω–µ –Ω–∞ INT0
0011 758909           27            mov TMOD, #09h  
                      28            
                      29            ;–£—Å—Ç–∞–Ω–∞–≤–ª–∏–≤–∞–µ–º –≤—ã—Å–æ–∫–∏–π –ø—Ä–∏–æ—Ä–∏—Ç–µ—Ç –ø—Ä–µ—Ä—ã–≤–∞–Ω–∏—è
0014 75B802           30            mov IP, #02h
                      31            
                      32            ;–ù–∞—á–∞–ª—å–Ω–æ–µ –∑–Ω–∞—á–µ–Ω–∏–µ —Ç–∞–π–º–µ—Ä–∞
0017 758ABF           33            mov TL0, #0BFh
001A 758CBF           34            mov TH0, #0BFh
                      35            
001D 7830             36            mov R0, #LSB_POSITION
001F 7931             37            mov R1, #CALL_COUNT
                      38            
                      39            ;–†–∞–∑—Ä–µ—à–µ–Ω–∏–µ –ø—Ä–µ—Ä—ã–≤–∞–Ω–∏—è —Ç–∞–π–º–µ—Ä–∞ T/C0
0021 75A882           40            mov IE, #82h
                      41            
                      42            ;–ó–∞–ø—É—Å–∫ —Ç–∞–π–º–µ—Ä–∞ T/C0
0024 758810           43            mov TCON, #10h
                      44            
                      45            ;–ö–æ–Ω–µ—Ü –æ—Å–Ω–æ–≤–Ω–æ–π –ø—Ä–æ–≥—Ä–∞–º–º—ã
0027                  46    lp:
0027 80FE             47            jmp lp
LAB3-1B                                                                                                       PAGE 2

                      48            
0029                  49    timer0_handle:
0029 758800           50            mov TCON, #00h; –ó–∞–ø—Ä–µ—â–∞–µ–º —Å—á—ë—Ç
                      51    
                      52            ;–ü–µ—Ä–µ–∑–∞–≥—Ä—É–∂–∞–µ–º –∑–Ω–∞—á–µ–Ω–∏–µ —Ç–∞–π–º–µ—Ä–∞
002C 758ABF           53            mov TL0, #0BFh
002F 758CBF           54            mov TH0, #0BFh
                      55            
                      56            ;–ü—Ä–æ–≤–µ—Ä—è–µ–º, —Å–∫–æ–ª—å–∫–æ —Ä–∞–∑ –±—ã–ª–∞ –≤—ã–∑–≤–∞–Ω–∞ –ø–æ–¥–ø—Ä–æ–≥—Ä–
                                                                               ∞–º–º–∞
0032 E7               57            mov A, @R1
0033 C3               58            clr C
0034 9400             59            subb A, #00h
0036 6004             60            jz change
0038 07               61            inc @R1
0039 0200A7           62            jmp handler_end
                      63    
003C                  64    change: 
003C 7700             65            mov @R1, #00h; –°–±—Ä–∞—Å—ã–≤–∞–µ–º —Å—á—ë—Ç—á–∏–∫ –≤—ã–∑–æ–≤–æ–≤ –ø–æ–¥–ø—Ä–æ–≥—Ä–∞
                                                                               –º–º—ã
                      66    
                      67            ;–ò–Ω–∫—Ä–µ–º–µ–Ω—Ç–∏—Ä—É–µ–º –∑–Ω–∞—á–µ–Ω–∏–µ –ø–æ–∑–∏—Ü–∏–∏ –º–ª–∞–¥—à–µ–≥–æ –±–∏—
                                                                               Ç–∞ –±–µ–≥—É—â–µ–≥–æ –æ–≥–Ω—è
003E E6               68            mov A, @R0
003F C3               69            clr C
0040 9407             70            subb A, #07h
0042 6004             71            jz loop_lsb_pos; –ü–æ–∑–∏—Ü–∏—è –º–ª–∞–¥—à–µ–≥–æ –±–∏—Ç–∞ –º–æ–∂–µ—Ç –ª–µ–∂–∞—Ç—å —Ç
                                                                               –æ–ª—å–∫–æ –≤ –ø—Ä–µ–¥–µ–ª–∞—Ö –æ—Ç 0 –¥–
                                                                               æ 7 
0044 06               72            inc @R0
0045 02004A           73            jmp switch
                      74            
0048                  75    loop_lsb_pos:
0048 7600             76            mov @R0, #00h
                      77            
004A                  78    switch:
                      79            ;–í–µ—Ç–≤–ª–µ–Ω–∏–µ –≤ –∑–∞–≤–∏—Å–∏–º–æ—Å—Ç–∏ –æ—Ç –ø–æ–∑–∏—Ü–∏–∏ –º–ª–∞–¥—à–µ–≥–æ –
                                                                               ±–∏—Ç–∞ –±–µ–≥—É—â–µ–≥–æ –æ–≥–Ω—è   
004A C3               80            clr C
004B E6               81            mov A, @R0
004C 9400             82            subb A,  #00h
004E 602A             83            jz lsb_at_zero_pos
                      84            
0050 C3               85            clr C
0051 E6               86            mov A, @R0
0052 9401             87            subb A,  #01h
0054 602A             88            jz lsb_at_first_pos
                      89            
0056 C3               90            clr C
0057 E6               91            mov A, @R0
0058 9402             92            subb A,  #02h
005A 602A             93            jz lsb_at_second_pos
                      94            
005C C3               95            clr C
005D E6               96            mov A, @R0
005E 9403             97            subb A,  #03h
0060 602A             98            jz lsb_at_third_pos
                      99            
LAB3-1B                                                                                                       PAGE 3

0062 C3              100            clr C
0063 E6              101            mov A, @R0
0064 9404            102            subb A,  #04h
0066 602A            103            jz lsb_at_fourth_pos
                     104            
0068 C3              105            clr C
0069 E6              106            mov A, @R0
006A 9405            107            subb A,  #05h
006C 602A            108            jz lsb_at_fifth_pos
                     109            
006E C3              110            clr C
006F E6              111            mov A, @R0
0070 9406            112            subb A,  #06h
0072 602A            113            jz lsb_at_sixth_pos
                     114            
0074 C3              115            clr C
0075 E6              116            mov A, @R0
0076 9407            117            subb A,  #07h
0078 602A            118            jz lsb_at_seventh_pos   
                     119    
                     120            ;–í –∑–∞–≤–∏—Å–∏–º–æ—Å—Ç–∏ –æ—Ç –ø–æ–ª—É—á–µ–Ω–Ω–æ–≥–æ –∑–Ω–∞—á–µ–Ω–∏—è –ø–µ—Ä–µ–∫–ª
                                                                               —é—á–∞–µ–º —Å–≤–µ—Ç–æ–¥–∏–æ–¥—ã
007A                 121    lsb_at_zero_pos:
007A 75900F          122            mov P1, #0Fh
007D 0200A7          123            jmp handler_end
0080                 124    lsb_at_first_pos:
0080 759087          125            mov P1, #87h
0083 0200A7          126            jmp handler_end
0086                 127    lsb_at_second_pos:
0086 7590C3          128            mov P1, #0C3h
0089 0200A7          129            jmp handler_end
008C                 130    lsb_at_third_pos:
008C 7590E1          131            mov P1, #0E1h
008F 0200A7          132            jmp handler_end
0092                 133    lsb_at_fourth_pos:
0092 7590F0          134            mov P1, #0F0h
0095 0200A7          135            jmp handler_end
0098                 136    lsb_at_fifth_pos:
0098 759078          137            mov P1, #78h
009B 0200A7          138            jmp handler_end
009E                 139    lsb_at_sixth_pos:
009E 75903C          140            mov P1, #3Ch
00A1 0200A7          141            jmp handler_end
00A4                 142    lsb_at_seventh_pos:
00A4 75901E          143            mov P1, #1Eh
                     144            
00A7                 145    handler_end:
                     146            ;–ü—Ä–∏–≤–æ–¥–∏–º —Ä–µ–≥–∏—Å—Ç—Ä—ã –≤ —Å–æ—Å—Ç–æ—è–Ω–∏–µ –¥–æ –≤—ã–∑–æ–≤–∞ –æ–±—Ä–∞–
                                                                               ±–æ—Ç—á–∏–∫–∞ –ø—Ä–µ—Ä—ã–≤–∞–Ω–∏—è
00A7 7400            147            mov A, #00h
00A9 C2D0            148            clr PSW.0
00AB C2D1            149            clr PSW.1
00AD C2D2            150            clr PSW.2
00AF C2D3            151            clr PSW.3
00B1 C2D4            152            clr PSW.4
00B3 C2D5            153            clr PSW.5
00B5 C2D6            154            clr PSW.6
00B7 C2D7            155            clr PSW.7
LAB3-1B                                                                                                       PAGE 4

                     156            
00B9 758810          157            mov TCON, #10h; –†–∞–∑—Ä–µ—à–∞–µ–º —Å—á—ë—Ç
                     158    
00BC 32              159            reti;–í—ã—Ö–æ–¥ –∏–∑ –æ–±—Ä–∞–±–æ—Ç—á–∏–∫–∞ –ø—Ä–µ—Ä—ã–≤–∞–Ω–∏—è
                     160            
00BD                 161    stack:
                     162    
                     163    END

VERSION 1.2h ASSEMBLY COMPLETE, 0 ERRORS FOUND
LAB3-1B                                                                                                       PAGE 5

CALL_COUNT . . . . . . . . . . .    NUMB  0031H  
CHANGE . . . . . . . . . . . . .  C ADDR  003CH  
HANDLER_END. . . . . . . . . . .  C ADDR  00A7H  
IE . . . . . . . . . . . . . . .  D ADDR  00A8H  PREDEFINED  
INITIAL_SET_UP . . . . . . . . .  C ADDR  000EH  
IP . . . . . . . . . . . . . . .  D ADDR  00B8H  PREDEFINED  
LOOP_LSB_POS . . . . . . . . . .  C ADDR  0048H  
LP . . . . . . . . . . . . . . .  C ADDR  0027H  
LSB_AT_FIFTH_POS . . . . . . . .  C ADDR  0098H  
LSB_AT_FIRST_POS . . . . . . . .  C ADDR  0080H  
LSB_AT_FOURTH_POS. . . . . . . .  C ADDR  0092H  
LSB_AT_SECOND_POS. . . . . . . .  C ADDR  0086H  
LSB_AT_SEVENTH_POS . . . . . . .  C ADDR  00A4H  
LSB_AT_SIXTH_POS . . . . . . . .  C ADDR  009EH  
LSB_AT_THIRD_POS . . . . . . . .  C ADDR  008CH  
LSB_AT_ZERO_POS. . . . . . . . .  C ADDR  007AH  
LSB_POSITION . . . . . . . . . .    NUMB  0030H  
P1 . . . . . . . . . . . . . . .  D ADDR  0090H  PREDEFINED  
PSW. . . . . . . . . . . . . . .  D ADDR  00D0H  PREDEFINED  
SP . . . . . . . . . . . . . . .  D ADDR  0081H  PREDEFINED  
STACK. . . . . . . . . . . . . .  C ADDR  00BDH  
SWITCH . . . . . . . . . . . . .  C ADDR  004AH  
TCON . . . . . . . . . . . . . .  D ADDR  0088H  PREDEFINED  
TH0. . . . . . . . . . . . . . .  D ADDR  008CH  PREDEFINED  
TIMER0_HANDLE. . . . . . . . . .  C ADDR  0029H  
TL0. . . . . . . . . . . . . . .  D ADDR  008AH  PREDEFINED  
TMOD . . . . . . . . . . . . . .  D ADDR  0089H  PREDEFINED  
